[run_all] Step 2: config validation
[run_all] Step 3: data pipeline
[data] self-test
[data] live=False: skipping network dataset fetch.
[run_all] Step 4: experts
[experts] self-test
[experts] outputs: 4
[experts] cache hit: True
[experts] diversity=1.037 quality=0.012
[experts] feedback rounds=3 converged=False
[experts] quality trajectory=['0.012', '0.108', '0.210']
[run_all] Step 5: central
[central] self-test
[central] output_text_len=94
[central] synthesis_dim=2048
[central] gate_quality=0.298 diversity=1.010
[central] distill_entropy=7.500 signal_norm=45.612
[run_all] Step 6: gating
[gating] self-test
[gating] K=8 X=99 Y=1 timeline=B conf=0.059
[gating] result keys: ['output_text', 'synth_vector', 'gate_update', 'distill', 'expert_update', 'feedback', 'mode']
[gating] feedback rounds=3 converged=False
[gating] memory records=1 top_experts=[np.int64(0), np.int64(180), np.int64(138), np.int64(25), np.int64(124)]
[run_all] Step 7: main
[main] self-test
[main] decision: RoutingDecision(k=10, expert_indices=[0, 1, 2, 3, 4, 36, 98, 88, 137, 32], timeline='B', confidence=0.12284224480390549, x=94, y=1)
[main] output: Basic answer, missing deep context or robust reasoning markers. I don't know the full details.
[run_all] Step 8: training
[train_phase1] Central fine-tuning
Loading weights:   0%|          | 0/29 [00:00<?, ?it/s]Loading weights: 100%|██████████| 29/29 [00:00<00:00, 34437.94it/s]
The tied weights mapping and config for this model specifies to tie transformer.wte.weight to lm_head.weight, but both are present in the checkpoints, so we will NOT tie them. You should update the config with `tie_word_embeddings=False` to silence this warning
[1mGPT2LMHeadModel LOAD REPORT[0m from: sshleifer/tiny-gpt2
Key                                   | Status     |  | 
--------------------------------------+------------+--+-
transformer.h.{0, 1}.attn.masked_bias | UNEXPECTED |  | 

[3mNotes:
- UNEXPECTED[3m	:can be ignored when loading from different task/architecture; not ok if you expect identical arch.[0m
Warning: You are sending unauthenticated requests to the HF Hub. Please set a HF_TOKEN to enable higher rate limits and faster downloads.
/Users/aman/sturnus-env/lib/python3.14/site-packages/peft/tuners/lora/layer.py:2285: UserWarning: fan_in_fan_out is set to False but the target module is `Conv1D`. Setting fan_in_fan_out to True.
  warnings.warn(
`loss_type=None` was set in the config but it is unrecognized. Using the default loss: `ForCausalLMLoss`.
[train] step=0 loss=2.7072
[train_phase2] Gate fine-tuning (4 losses)
Loading weights:   0%|          | 0/29 [00:00<?, ?it/s]Loading weights: 100%|██████████| 29/29 [00:00<00:00, 62090.26it/s]
The tied weights mapping and config for this model specifies to tie transformer.wte.weight to lm_head.weight, but both are present in the checkpoints, so we will NOT tie them. You should update the config with `tie_word_embeddings=False` to silence this warning
[1mGPT2LMHeadModel LOAD REPORT[0m from: sshleifer/tiny-gpt2
Key                                   | Status     |  | 
--------------------------------------+------------+--+-
transformer.h.{0, 1}.attn.masked_bias | UNEXPECTED |  | 

[3mNotes:
- UNEXPECTED[3m	:can be ignored when loading from different task/architecture; not ok if you expect identical arch.[0m
Traceback (most recent call last):
  File "/Users/aman/sturnus-env/lib/python3.14/site-packages/peft/peft_model.py", line 896, in __getattr__
    return super().__getattr__(name)  # defer to nn.Module's logic
           ~~~~~~~~~~~~~~~~~~~^^^^^^
  File "/Users/aman/sturnus-env/lib/python3.14/site-packages/torch/nn/modules/module.py", line 1968, in __getattr__
    raise AttributeError(
        f"'{type(self).__name__}' object has no attribute '{name}'"
    )
AttributeError: 'PeftModelForCausalLM' object has no attribute 'configs'

During handling of the above exception, another exception occurred:

Traceback (most recent call last):
  File "/Users/aman/sturnus-env/lib/python3.14/site-packages/peft/tuners/tuners_utils.py", line 1239, in __getattr__
    return super().__getattr__(name)  # defer to nn.Module's logic
           ~~~~~~~~~~~~~~~~~~~^^^^^^
  File "/Users/aman/sturnus-env/lib/python3.14/site-packages/torch/nn/modules/module.py", line 1968, in __getattr__
    raise AttributeError(
        f"'{type(self).__name__}' object has no attribute '{name}'"
    )
AttributeError: 'LoraModel' object has no attribute 'configs'

During handling of the above exception, another exception occurred:

Traceback (most recent call last):
  File "/Users/aman/Sturnus/scripts/run_all.py", line 59, in <module>
    run_all(live_data=args.live_data, train=args.train)
    ~~~~~~~^^^^^^^^^^^^^^^^^^^^^^^^^^^^^^^^^^^^^^^^^^^^
  File "/Users/aman/Sturnus/scripts/run_all.py", line 45, in run_all
    train_phase2.run()
    ~~~~~~~~~~~~~~~~^^
  File "/Users/aman/Sturnus/scripts/train_phase2.py", line 99, in run
    hidden_size = base.configs.hidden_size
                  ^^^^^^^^^^^^
  File "/Users/aman/sturnus-env/lib/python3.14/site-packages/peft/peft_model.py", line 900, in __getattr__
    return getattr(self.base_model, name)
  File "/Users/aman/sturnus-env/lib/python3.14/site-packages/peft/tuners/tuners_utils.py", line 1243, in __getattr__
    return getattr(self.model, name)
  File "/Users/aman/sturnus-env/lib/python3.14/site-packages/torch/nn/modules/module.py", line 1968, in __getattr__
    raise AttributeError(
        f"'{type(self).__name__}' object has no attribute '{name}'"
    )
AttributeError: 'GPT2LMHeadModel' object has no attribute 'configs'. Did you mean: 'config'?
Exception ignored in atexit callback <nanobind.nb_func object at 0x11f107670>:
RuntimeError: Failed to load the default metallib. library not found library not found library not found library not found 
